{
  "stats": {
    "suites": 0,
    "tests": 3,
    "passes": 3,
    "pending": 0,
    "failures": 0,
    "start": "2022-02-17T04:47:17.238Z",
    "end": "2022-02-17T04:47:54.911Z",
    "duration": 37673,
    "testsRegistered": 3,
    "passPercent": 100,
    "pendingPercent": 0,
    "other": 0,
    "hasOther": false,
    "skipped": 0,
    "hasSkipped": false
  },
  "results": [
    {
      "uuid": "215effff-bd94-44ae-9561-4fd18ba3656f",
      "title": "",
      "fullFile": "cypress/integration/Tools/Live/image-checker.spec.js",
      "file": "cypress/integration/Tools/Live/image-checker.spec.js",
      "beforeHooks": [],
      "afterHooks": [],
      "tests": [
        {
          "title": "Welcome at Global Cactus Landing Page",
          "fullTitle": "Welcome at Global Cactus Landing Page",
          "timedOut": null,
          "duration": 5200,
          "state": "passed",
          "speed": "medium",
          "pass": true,
          "fail": false,
          "pending": false,
          "context": null,
          "code": "cy.wait(200);",
          "err": {},
          "uuid": "3469856e-be5f-4070-aef2-fb73a2e99211",
          "parentUUID": "215effff-bd94-44ae-9561-4fd18ba3656f",
          "isHook": false,
          "skipped": false
        },
        {
          "title": "Select tool of image checker",
          "fullTitle": "Select tool of image checker",
          "timedOut": null,
          "duration": 5262,
          "state": "passed",
          "speed": "medium",
          "pass": true,
          "fail": false,
          "pending": false,
          "context": null,
          "code": "cy.visit('dashboard');\ncy.get(':nth-child(5) > .h-full > .relative > .absolute > div > .flex > span').click().should('have.length', 1);\ncy.wait(500);",
          "err": {},
          "uuid": "9bb403e2-ac11-4339-bfa1-df841a5b0ae0",
          "parentUUID": "215effff-bd94-44ae-9561-4fd18ba3656f",
          "isHook": false,
          "skipped": false
        },
        {
          "title": "Run image checker with png image",
          "fullTitle": "Run image checker with png image",
          "timedOut": null,
          "duration": 24796,
          "state": "passed",
          "speed": "slow",
          "pass": true,
          "fail": false,
          "pending": false,
          "context": null,
          "code": "cy.visit('dashboard');\ncy.get(':nth-child(5) > .h-full > .relative > .absolute > div > .flex > span').click();\ncy.get('input[type=file]').attachFile('test.png', 'image/png').click({\n  force: true\n});\ncy.wait(20000);",
          "err": {},
          "uuid": "8cd78418-b051-4a32-a1b9-c080cbcc4062",
          "parentUUID": "215effff-bd94-44ae-9561-4fd18ba3656f",
          "isHook": false,
          "skipped": false
        }
      ],
      "suites": [],
      "passes": [
        "3469856e-be5f-4070-aef2-fb73a2e99211",
        "9bb403e2-ac11-4339-bfa1-df841a5b0ae0",
        "8cd78418-b051-4a32-a1b9-c080cbcc4062"
      ],
      "failures": [],
      "pending": [],
      "skipped": [],
      "duration": 35258,
      "root": true,
      "rootEmpty": false,
      "_timeout": 2000
    }
  ],
  "meta": {
    "mocha": {
      "version": "7.0.1"
    },
    "mochawesome": {
      "options": {
        "quiet": false,
        "reportFilename": "mochawesome",
        "saveHtml": false,
        "saveJson": true,
        "consoleReporter": "spec",
        "useInlineDiffs": false,
        "code": true
      },
      "version": "7.0.1"
    },
    "marge": {
      "options": {
        "reportDir": "cypress/reports",
        "charts": true,
        "reportPageTitle": "custom-title",
        "overwrite": false,
        "html": false,
        "json": true
      },
      "version": "6.0.1"
    }
  }
}