{
  "stats": {
    "suites": 0,
    "tests": 5,
    "passes": 5,
    "pending": 0,
    "failures": 0,
    "start": "2022-02-14T09:48:33.889Z",
    "end": "2022-02-14T09:49:43.878Z",
    "duration": 69989,
    "testsRegistered": 5,
    "passPercent": 100,
    "pendingPercent": 0,
    "other": 0,
    "hasOther": false,
    "skipped": 0,
    "hasSkipped": false
  },
  "results": [
    {
      "uuid": "dc53eb8e-e98e-457d-b27d-ed8d655035f5",
      "title": "",
      "fullFile": "cypress/integration/Tools/Live/image-checker.spec.js",
      "file": "cypress/integration/Tools/Live/image-checker.spec.js",
      "beforeHooks": [],
      "afterHooks": [],
      "tests": [
        {
          "title": "Welcome at Global Cactus Landing Page",
          "fullTitle": "Welcome at Global Cactus Landing Page",
          "timedOut": null,
          "duration": 5287,
          "state": "passed",
          "speed": "medium",
          "pass": true,
          "fail": false,
          "pending": false,
          "context": null,
          "code": "cy.wait(200);",
          "err": {},
          "uuid": "8bf8ec7f-9bbc-44a2-bb6b-766962c9a2db",
          "parentUUID": "dc53eb8e-e98e-457d-b27d-ed8d655035f5",
          "isHook": false,
          "skipped": false
        },
        {
          "title": "Select tool of image checker",
          "fullTitle": "Select tool of image checker",
          "timedOut": null,
          "duration": 5170,
          "state": "passed",
          "speed": "medium",
          "pass": true,
          "fail": false,
          "pending": false,
          "context": null,
          "code": "cy.visit('dashboard');\ncy.get(':nth-child(5) > .h-full > .relative > .absolute > div > .flex > span').click().should('have.length', 1);\ncy.wait(500);",
          "err": {},
          "uuid": "f32252b9-b0e3-4384-8552-6974a235aac2",
          "parentUUID": "dc53eb8e-e98e-457d-b27d-ed8d655035f5",
          "isHook": false,
          "skipped": false
        },
        {
          "title": "Run image checker with png image",
          "fullTitle": "Run image checker with png image",
          "timedOut": null,
          "duration": 24823,
          "state": "passed",
          "speed": "slow",
          "pass": true,
          "fail": false,
          "pending": false,
          "context": null,
          "code": "cy.visit('dashboard');\ncy.get(':nth-child(5) > .h-full > .relative > .absolute > div > .flex > span').click();\ncy.get('input[type=file]').attachFile('test.png', 'image/png').click({\n  force: true\n});\ncy.wait(20000);",
          "err": {},
          "uuid": "19dd4b5f-8342-4b47-b790-b9b1e6264f47",
          "parentUUID": "dc53eb8e-e98e-457d-b27d-ed8d655035f5",
          "isHook": false,
          "skipped": false
        },
        {
          "title": "Run image checker with jpg image",
          "fullTitle": "Run image checker with jpg image",
          "timedOut": null,
          "duration": 25243,
          "state": "passed",
          "speed": "slow",
          "pass": true,
          "fail": false,
          "pending": false,
          "context": null,
          "code": "cy.visit('dashboard');\ncy.get(':nth-child(5) > .h-full > .relative > .absolute > div > .flex > span').click();\ncy.get('input[type=file]').attachFile('test.jpg', 'image/jpeg').click({\n  force: true\n});\ncy.wait(20000);",
          "err": {},
          "uuid": "53f08963-aab9-4f2f-a765-9845317fc93f",
          "parentUUID": "dc53eb8e-e98e-457d-b27d-ed8d655035f5",
          "isHook": false,
          "skipped": false
        },
        {
          "title": "Run image checker with jpeg image",
          "fullTitle": "Run image checker with jpeg image",
          "timedOut": null,
          "duration": 5030,
          "state": "passed",
          "speed": "medium",
          "pass": true,
          "fail": false,
          "pending": false,
          "context": null,
          "code": "cy.visit('dashboard');\ncy.get(':nth-child(5) > .h-full > .relative > .absolute > div > .flex > span').click();\ncy.get('input[type=file]').attachFile('test.jpeg', 'image/jpeg').click({\n  force: true\n});",
          "err": {},
          "uuid": "00cc07dc-0d6f-41be-95a3-08db1a1fe8db",
          "parentUUID": "dc53eb8e-e98e-457d-b27d-ed8d655035f5",
          "isHook": false,
          "skipped": false
        }
      ],
      "suites": [],
      "passes": [
        "8bf8ec7f-9bbc-44a2-bb6b-766962c9a2db",
        "f32252b9-b0e3-4384-8552-6974a235aac2",
        "19dd4b5f-8342-4b47-b790-b9b1e6264f47",
        "53f08963-aab9-4f2f-a765-9845317fc93f",
        "00cc07dc-0d6f-41be-95a3-08db1a1fe8db"
      ],
      "failures": [],
      "pending": [],
      "skipped": [],
      "duration": 65553,
      "root": true,
      "rootEmpty": false,
      "_timeout": 2000
    }
  ],
  "meta": {
    "mocha": {
      "version": "7.0.1"
    },
    "mochawesome": {
      "options": {
        "quiet": true,
        "reportFilename": "mochawesome",
        "saveHtml": false,
        "saveJson": true,
        "consoleReporter": "spec",
        "useInlineDiffs": false,
        "code": true
      },
      "version": "7.0.1"
    },
    "marge": {
      "options": {
        "reportDir": "cypress/reports",
        "charts": true,
        "reportPageTitle": "custom-title",
        "overwrite": false,
        "html": false,
        "toConsole": true,
        "json": true,
        "quiet": true
      },
      "version": "6.0.1"
    }
  }
}