{
    "stats": {
        "suites": 2,
        "tests": 5,
        "passes": 5,
        "pending": 0,
        "failures": 0,
        "start": "2022-02-17T08:14:44.400Z",
        "end": "2022-00-04T08:17:38.517Z",
        "duration": 101663,
        "testsRegistered": 5,
        "passPercent": 80,
        "pendingPercent": 0,
        "other": 0,
        "hasOther": false,
        "skipped": 0,
        "hasSkipped": false
    },
    "results": [{
            "uuid": "7c2a0eb1-f329-4fb7-b852-27ddfcc42cbd",
            "title": "",
            "fullFile": "cypress/integration/Tools/Live/scholarcy.spec.js",
            "file": "cypress/integration/Tools/Live/scholarcy.spec.js",
            "beforeHooks": [],
            "afterHooks": [],
            "tests": [{
                    "title": "Welcome at Global Cactus Landing Page",
                    "fullTitle": "Welcome at Global Cactus Landing Page",
                    "timedOut": null,
                    "duration": 4053,
                    "state": "passed",
                    "speed": "fast",
                    "pass": true,
                    "fail": false,
                    "pending": false,
                    "context": null,
                    "code": "cy.wait(200);",
                    "err": {},
                    "uuid": "a426496d-4c9e-4729-8866-05438ffea0ab",
                    "parentUUID": "7c2a0eb1-f329-4fb7-b852-27ddfcc42cbd",
                    "isHook": false,
                    "skipped": false
                },
                {
                    "title": "Select tool of Scholarcy",
                    "fullTitle": "Select tool of Scholarcy",
                    "timedOut": null,
                    "duration": 63883,
                    "state": "passed",
                    "speed": null,
                    "pass": false,
                    "fail": true,
                    "pending": false,
                    "context": "{\n  \"title\": \"cypress-mochawesome-reporter-screenshots\",\n  \"value\": [\n    [\n      {\n        \"title\": \"Failed screenshot\",\n        \"value\": \"/Tools/Live/scholarcy.spec.js/Select tool of Scholarcy (failed).png\"\n      }\n    ]\n  ]\n}",
                    "code": "cy.visit('dashboard');\ncy.get(':nth-child(10) > .h-full > .relative > .absolute > div > .flex > span').click().should('have.length', 1);\ncy.wait(500);",
                    "err": {
                        "message": "AssertionError: Timed out retrying after 60000ms: Expected to find element: `:nth-child(10) > .h-full > .relative > .absolute > div > .flex > span`, but never found it.",
                        "estack": "AssertionError: Timed out retrying after 60000ms: Expected to find element: `:nth-child(10) > .h-full > .relative > .absolute > div > .flex > span`, but never found it.\n    at Context.eval (http://127.0.0.1:8000/__cypress/tests?p=cypress/integration/Tools/Live/scholarcy.spec.js:127:6)",
                        "diff": null
                    },
                    "uuid": "25c12e1f-cb5a-46af-917f-bf0cd9f1de99",
                    "parentUUID": "7c2a0eb1-f329-4fb7-b852-27ddfcc42cbd",
                    "isHook": false,
                    "skipped": false
                }
            ],
            "suites": [],
            "passes": [
                "a426496d-4c9e-4729-8866-05438ffea0ab"
            ],
            "failures": [
                "25c12e1f-cb5a-46af-917f-bf0cd9f1de99"
            ],
            "pending": [],
            "skipped": [],
            "duration": 67936,
            "root": true,
            "rootEmpty": false,
            "_timeout": 2000
        },
        {
            "uuid": "e4f92d90-b469-42f3-a546-a7f0c29aa4cf",
            "title": "",
            "fullFile": "cypress/integration/Tools/Live/image-checker.spec.js",
            "file": "cypress/integration/Tools/Live/image-checker.spec.js",
            "beforeHooks": [],
            "afterHooks": [],
            "tests": [{
                    "title": "Welcome at Global Cactus Landing Page",
                    "fullTitle": "Welcome at Global Cactus Landing Page",
                    "timedOut": null,
                    "duration": 4569,
                    "state": "passed",
                    "speed": "fast",
                    "pass": true,
                    "fail": false,
                    "pending": false,
                    "context": null,
                    "code": "cy.wait(200);",
                    "err": {},
                    "uuid": "17d9dd9b-edc6-4fe2-9c01-679dcfc6e381",
                    "parentUUID": "e4f92d90-b469-42f3-a546-a7f0c29aa4cf",
                    "isHook": false,
                    "skipped": false
                },
                {
                    "title": "Select tool of image checker",
                    "fullTitle": "Select tool of image checker",
                    "timedOut": null,
                    "duration": 4935,
                    "state": "passed",
                    "speed": "fast",
                    "pass": true,
                    "fail": false,
                    "pending": false,
                    "context": null,
                    "code": "cy.visit('dashboard');\ncy.get(':nth-child(5) > .h-full > .relative > .absolute > div > .flex > span').click().should('have.length', 1);\ncy.wait(500);",
                    "err": {},
                    "uuid": "c6697bee-10ef-4f9b-9970-83dae66eff36",
                    "parentUUID": "e4f92d90-b469-42f3-a546-a7f0c29aa4cf",
                    "isHook": false,
                    "skipped": false
                },
                {
                    "title": "Run image checker with png image",
                    "fullTitle": "Run image checker with png image",
                    "timedOut": null,
                    "duration": 24223,
                    "state": "passed",
                    "speed": "slow",
                    "pass": true,
                    "fail": false,
                    "pending": false,
                    "context": null,
                    "code": "cy.visit('dashboard');\ncy.get(':nth-child(5) > .h-full > .relative > .absolute > div > .flex > span').click();\ncy.get('input[type=file]').attachFile('test.png', 'image/png').click({\n  force: true\n});\ncy.wait(20000);",
                    "err": {},
                    "uuid": "83d8bb7f-b0e3-4a3f-a379-eb0a3ca64585",
                    "parentUUID": "e4f92d90-b469-42f3-a546-a7f0c29aa4cf",
                    "isHook": false,
                    "skipped": false
                }
            ],
            "suites": [],
            "passes": [
                "17d9dd9b-edc6-4fe2-9c01-679dcfc6e381",
                "c6697bee-10ef-4f9b-9970-83dae66eff36",
                "83d8bb7f-b0e3-4a3f-a379-eb0a3ca64585"
            ],
            "failures": [],
            "pending": [],
            "skipped": [],
            "duration": 33727,
            "root": true,
            "rootEmpty": false,
            "_timeout": 2000
        }
    ],
    "meta": {
        "mocha": {
            "version": "7.0.1"
        },
        "mochawesome": {
            "options": {
                "quiet": false,
                "reportFilename": "mochawesome",
                "saveHtml": false,
                "saveJson": true,
                "consoleReporter": "spec",
                "useInlineDiffs": false,
                "code": true
            },
            "version": "7.0.1"
        },
        "marge": {
            "options": {
                "reportDir": "cypress/reports",
                "charts": true,
                "reportPageTitle": "custom-title",
                "overwrite": false,
                "html": false,
                "json": true
            },
            "version": "6.0.1"
        }
    }
}
